C51 COMPILER V9.52.0.0   MAIN                                                              07/10/2016 16:38:39 PAGE 1   


C51 COMPILER V9.52.0.0, COMPILATION OF MODULE MAIN
OBJECT MODULE PLACED IN .\output\main.obj
COMPILER INVOKED BY: C:\Keil\C51\BIN\C51.EXE main\main.c LARGE OMF2 ROM(D512K) REGFILE(.\output\project.ORC) BROWSE INCD
                    -IR(.\src) DEBUG PRINT(.\output\main.lst) OBJECT(.\output\main.obj)

line level    source

   1          /*--------------------------------------------------------------------*-
   2          
   3             main.c (Released 2015-03)
   4          
   5            --------------------------------------------------------------------
   6          
   7             main file for TT project.
   8          
   9             See _readme.txt for project information.
  10          
  11          -*--------------------------------------------------------------------*/
  12          /*--------------------------------------------------------------------*-
  13          
  14            This code is copyright (c) 2014-2015 SafeTTy Systems Ltd.
  15          
  16            This code is adapted from a Time-Triggered Reference Design (TTRD)
  17            that is documented in the following book: 
  18          
  19            Pont, M.J. (2014) 
  20            "The Engineering of Reliable Embedded Systems: LPC1769 Edition", 
  21            Published by SafeTTy Systems Ltd. ISBN: 978-0-9930355-0-0.
  22          
  23            Both the TTRDs and the above book ("the ERES book") describe 
  24            patented* technology and are subject to copyright and other 
  25            restrictions.
  26          
  27            This code may be used without charge: [i] by universities and 
  28            colleges in courses for which a degree up to and including MSc 
  29            level (or equivalent) is awarded; [ii] for non-commercial projects 
  30            carried out by individuals and hobbyists.
  31          
  32            Where this code has been provided to you as part of a training 
  33            course delivered by SafeTTy Systems Ltd, you may use it for 
  34            evaluation purposes for a period of up to 12 months from the 
  35            end date of this course, subject to the condition that no 
  36            products (of any kind) based either on this code, or on the 
  37            patented technology described in the ERES book, are released.
  38          
  39            Any and all other use of this code and / or the patented 
  40            technology described in the ERES book requires purchase of a 
  41            ReliabiliTTy Technology Licence:
  42            http://www.safetty.net/products/reliabilitty
  43          
  44            Please contact SafeTTy Systems Ltd if you require clarification
  45            of these licensing arrangements:
  46            http://www.safetty.net/contact
  47          
  48            MoniTTor is a registered trademark of SafeTTy Systems Ltd.
  49            PredicTTor is a registered trademark of SafeTTy Systems Ltd.
  50            ReliabiliTTy is a registered trademark of SafeTTy Systems Ltd.
  51            WarranTTor is a registered trademark of SafeTTy Systems Ltd.
  52          
  53            * Patents applied for.
  54          
C51 COMPILER V9.52.0.0   MAIN                                                              07/10/2016 16:38:39 PAGE 2   

  55          -*--------------------------------------------------------------------*/
  56          
  57          // Project header
  58          #include "main.h"
  59          
  60          /*--------------------------------------------------------------------*/
  61          
  62          int main(void)
  63          {
  64   1              // Check mode, add tasks to schedule
  65   1              SYSTEM_Init();
  66   1      
  67   1              // Start the scheduler
  68   1              SCH_Start();
  69   1      
  70   1              while (1)
  71   1              {
  72   2                      SCH_Dispatch_Tasks();
  73   2              }
  74   1      
  75   1              return 1;
  76   1      }
  77          
  78          /*--------------------------------------------------------------------*-
  79            ------ END OF FILE -------------------------------------------------
  80          -*--------------------------------------------------------------------*/
*** WARNING C294 IN LINE 75 OF main\main.c: unreachable code


MODULE INFORMATION:   STATIC OVERLAYABLE
   CODE SIZE        =     11    ----
   CONSTANT SIZE    =   ----    ----
   XDATA SIZE       =   ----    ----
   PDATA SIZE       =   ----    ----
   DATA SIZE        =   ----    ----
   IDATA SIZE       =   ----    ----
   BIT SIZE         =   ----    ----
   EDATA SIZE       =   ----    ----
   HDATA SIZE       =   ----    ----
   XDATA CONST SIZE =   ----    ----
   FAR CONST SIZE   =   ----    ----
END OF MODULE INFORMATION.


C51 COMPILATION COMPLETE.  1 WARNING(S),  0 ERROR(S)
